1693491715270	geckodriver	INFO	Listening on 127.0.0.1:50959
1693491718370	mozrunner::runner	INFO	Running command: "C:\\Program Files\\Mozilla Firefox\\firefox.exe" "--marionette" "-no-remote" "-profile" "C:\\Users\\falla\\AppData\\Local\\Temp\\rust_mozprofileVcXDcP"
console.warn: services.settings: Ignoring preference override of remote settings server
console.warn: services.settings: Allow by setting MOZ_REMOTE_SETTINGS_DEVTOOLS=1 in the environment
1693491722921	Marionette	INFO	Marionette enabled
Dynamically enable window occlusion 0
1693491724766	Marionette	INFO	Listening on port 50971
Read port: 50971
Read port: 50971
Read port: 50971
Read port: 50971
1693491728840	RemoteAgent	WARN	TLS certificate errors will be ignored for this session
console.error: Region.sys.mjs: "Error fetching region" (new Error("TIMEOUT", "resource://gre/modules/Region.sys.mjs", 759))
console.error: Region.sys.mjs: "Failed to fetch region" (new Error("TIMEOUT", "resource://gre/modules/Region.sys.mjs", 411))
1693491770258	Marionette	INFO	Stopped listening on port 50971
Dynamically enable window occlusion 1
JavaScript error: chrome://remote/content/marionette/cert.sys.mjs, line 51: NS_ERROR_NOT_AVAILABLE: Component returned failure code: 0x80040111 (NS_ERROR_NOT_AVAILABLE) [nsICertOverrideService.setDisableAllSecurityChecksAndLetAttackersInterceptMyData]
1693491786042	geckodriver	INFO	Listening on 127.0.0.1:51054
1693491789083	mozrunner::runner	INFO	Running command: "C:\\Program Files\\Mozilla Firefox\\firefox.exe" "--marionette" "-no-remote" "-profile" "C:\\Users\\falla\\AppData\\Local\\Temp\\rust_mozprofile3HlHcK"
console.warn: services.settings: Ignoring preference override of remote settings server
console.warn: services.settings: Allow by setting MOZ_REMOTE_SETTINGS_DEVTOOLS=1 in the environment
1693491789607	Marionette	INFO	Marionette enabled
Dynamically enable window occlusion 0
1693491790204	Marionette	INFO	Listening on port 51064
Read port: 51064
1693491791007	RemoteAgent	WARN	TLS certificate errors will be ignored for this session
1693491845282	Marionette	INFO	Stopped listening on port 51064
Dynamically enable window occlusion 1
JavaScript error: chrome://remote/content/marionette/cert.sys.mjs, line 51: NS_ERROR_NOT_AVAILABLE: Component returned failure code: 0x80040111 (NS_ERROR_NOT_AVAILABLE) [nsICertOverrideService.setDisableAllSecurityChecksAndLetAttackersInterceptMyData]
console.error: services.settings: 
  Message: NetworkError: Network error: TypeError: NetworkError: Network request failed
  Stack:
    APIError@resource://services-settings/RemoteSettingsClient.sys.mjs:107:1
NetworkError@resource://services-settings/RemoteSettingsClient.sys.mjs:111:5
_adjustedError@resource://services-settings/RemoteSettingsClient.sys.mjs:907:14
maybeSync@resource://services-settings/RemoteSettingsClient.sys.mjs:812:38

console.warn: services.settings: security-state/onecrl sync interrupted by shutdown
console.error: (new NetworkError("Network error: TypeError: NetworkError: Network request failed", "resource://services-settings/RemoteSettingsClient.sys.mjs", 107))
1693491851316	geckodriver	INFO	Listening on 127.0.0.1:51100
1693491854341	mozrunner::runner	INFO	Running command: "C:\\Program Files\\Mozilla Firefox\\firefox.exe" "--marionette" "-no-remote" "-profile" "C:\\Users\\falla\\AppData\\Local\\Temp\\rust_mozprofileM2qGjt"
console.warn: services.settings: Ignoring preference override of remote settings server
console.warn: services.settings: Allow by setting MOZ_REMOTE_SETTINGS_DEVTOOLS=1 in the environment
1693491854918	Marionette	INFO	Marionette enabled
Dynamically enable window occlusion 0
1693491855424	Marionette	INFO	Listening on port 51111
Read port: 51111
1693491856315	RemoteAgent	WARN	TLS certificate errors will be ignored for this session
1693491880779	Marionette	INFO	Stopped listening on port 51111
Dynamically enable window occlusion 1
JavaScript error: chrome://remote/content/marionette/cert.sys.mjs, line 51: NS_ERROR_NOT_AVAILABLE: Component returned failure code: 0x80040111 (NS_ERROR_NOT_AVAILABLE) [nsICertOverrideService.setDisableAllSecurityChecksAndLetAttackersInterceptMyData]
console.error: (new Error("Data is not ready.", "resource://gre/modules/JSONFile.sys.mjs", 178))
nt
1693491871538	Marionette	INFO	Marionette enabled
Dynamically enable window occlusion 0
1693491871612	Marionette	INFO	Listening on port 51149
Read port: 51149
Read port: 51149
Read port: 51149
1693491877632	RemoteAgent	WARN	TLS certificate errors will be ignored for this session
console.error: Region.sys.mjs: "Error fetching region" (new Error("TIMEOUT", "resource://gre/modules/Region.sys.mjs", 759))
console.error: Region.sys.mjs: "Failed to fetch region" (new Error("TIMEOUT", "resource://gre/modules/Region.sys.mjs", 411))
JavaScript error: resource://activity-stream/lib/ActivityStreamPrefs.jsm, line 27: NS_ERROR_ILLEGAL_VALUE: Component returned failure code: 0x80070057 (NS_ERROR_ILLEGAL_VALUE) [nsIPrefBranch.removeObserver]
1693491888280	Marionette	INFO	Stopped listening on port 51149
Dynamically enable window occlusion 1
JavaScript error: chrome://global/content/elements/browser-custom-element.js, line 645: TypeError: this.browsingContext is null
JavaScript error: chrome://global/content/elements/browser-custom-element.js, line 645: TypeError: this.browsingContext is null
console.error: (new TypeError("NetworkError: Network request failed", "resource://services-settings/Utils.sys.mjs", 229))
1693491892030	geckodriver	INFO	Listening on 127.0.0.1:51164
1693491895101	mozrunner::runner	INFO	Running command: "C:\\Program Files\\Mozilla Firefox\\firefox.exe" "--marionette" "-no-remote" "-profile" "C:\\Users\\falla\\AppData\\Local\\Temp\\rust_mozprofileLzQssm"
console.warn: services.settings: Ignoring preference override of remote settings server
console.warn: services.settings: Allow by setting MOZ_REMOTE_SETTINGS_DEVTOOLS=1 in the environment
1693491896000	Marionette	INFO	Marionette enabled
Dynamically enable window occlusion 0
1693491896416	Marionette	INFO	Listening on port 51178
Read port: 
1693491896557	geckodriver::browser	WARN	Failed fo convert  to u16
Read port: 51178
Read port: 51178
Read port: 51178
1693491903270	RemoteAgent	WARN	TLS certificate errors will be ignored for this session
console.error: Region.sys.mjs: "Error fetching region" (new AbortError("The operation was aborted. ", (void 0), 757))
console.error: Region.sys.mjs: "Failed to fetch region" (new Error("NO_RESULT", "resource://gre/modules/Region.sys.mjs", 411))
1693491941980	Marionette	INFO	Stopped listening on port 51178
Dynamically enable window occlusion 1
console.warn: services.settings: main/websites-with-shared-credential-backends sync interrupted by shutdown
JavaScript error: chrome://remote/content/marionette/cert.sys.mjs, line 51: NS_ERROR_NOT_AVAILABLE: Component returned failure code: 0x80040111 (NS_ERROR_NOT_AVAILABLE) [nsICertOverrideService.setDisableAllSecurityChecksAndLetAttackersInterceptMyData]
console.warn: services.settings: main/language-dictionaries sync interrupted by shutdown
console.warn: services.settings: main/password-recipes sync interrupted by shutdown
console.warn: services.settings: main/password-rules sync interrupted by shutdown
console.error: (new Error("IndexedDB: main/translations-identification-models getLastModified() IndexedDB:  execute() The application is shutting down", "resource://services-settings/IDBHelpers.sys.mjs", 16))
